<?xml version="1.0" encoding="UTF-8"?>
<!-- Generated by org.testng.reporters.JUnitXMLReporter -->
<testsuite ignored="0" hostname="sachin" failures="0" tests="4" name="Surefire test" time="12.353" errors="0" timestamp="2023-05-24T14:03:15 IST">
  <testcase classname="automation.ElementsTest" name="verifyTextBox" time="0.765"/>
  <testcase classname="automation.ElementsTest" name="verifyCheckBox" time="2.011"/>
  <testcase classname="automation.ElementsTest" name="verifyRadioButton" time="0.463"/>
  <testcase classname="automation.ElementsTest" name="verifyWebTables" time="1.962"/>
</testsuite> <!-- Surefire test -->
