<?xml version="1.0" encoding="UTF-8"?>
<!-- Generated by org.testng.reporters.JUnitXMLReporter -->
<testsuite ignored="0" hostname="sachin" failures="0" tests="6" name="Default test" time="24.444" errors="0" timestamp="2023-05-24T16:54:25 IST">
  <testcase classname="automation.ElementsTest" name="verifyButtons" time="0.917"/>
  <testcase classname="automation.ElementsTest" name="verifyCheckBox" time="2.557"/>
  <testcase classname="automation.ElementsTest" name="verifyLinks" time="8.082"/>
  <testcase classname="automation.ElementsTest" name="verifyRadioButton" time="0.621"/>
  <testcase classname="automation.ElementsTest" name="verifyTextBox" time="0.727"/>
  <testcase classname="automation.ElementsTest" name="verifyWebTables" time="1.819"/>
</testsuite> <!-- Default test -->
