<?xml version="1.0" encoding="UTF-8"?>
<!-- Generated by org.testng.reporters.JUnitXMLReporter -->
<testsuite ignored="0" hostname="sachin" failures="0" tests="3" name="Default test" time="31.395" errors="0" timestamp="2023-05-28T19:44:21 IST">
  <testcase classname="automation.FormsTest" name="verifyForms" time="12.452"/>
  <testcase classname="automation.FormsTest" name="verifyForms" time="9.479"/>
  <testcase classname="automation.FormsTest" name="verifyForms" time="9.405"/>
</testsuite> <!-- Default test -->
