<?xml version="1.0" encoding="UTF-8"?>
<!-- Generated by org.testng.reporters.JUnitXMLReporter -->
<testsuite ignored="0" hostname="sachin" failures="0" tests="8" name="Test" time="25.967" errors="0" timestamp="2023-05-26T16:03:12 IST">
  <testcase classname="automation.ElementsTest" name="verifyButtons" time="0.584"/>
  <testcase classname="automation.ElementsTest" name="verifyCheckBox" time="1.644"/>
  <testcase classname="automation.ElementsTest" name="verifyDynamicProperty" time="0.34"/>
  <testcase classname="automation.ElementsTest" name="verifyLinks" time="6.091"/>
  <testcase classname="automation.ElementsTest" name="verifyRadioButton" time="0.972"/>
  <testcase classname="automation.ElementsTest" name="verifyTextBox" time="0.947"/>
  <testcase classname="automation.ElementsTest" name="verifyUploadnDownload" time="8.095"/>
  <testcase classname="automation.ElementsTest" name="verifyWebTables" time="1.873"/>
</testsuite> <!-- Test -->
