<?xml version="1.0" encoding="UTF-8"?>
<!-- Generated by org.testng.reporters.JUnitXMLReporter -->
<testsuite ignored="0" hostname="sachin" failures="0" tests="3" name="Test Forms" time="19.821" errors="0" timestamp="2023-05-30T21:09:38 IST">
  <testcase classname="automation.FormsTest" name="verifyForms" time="1.788"/>
  <testcase classname="automation.FormsTest" name="verifyForms" time="1.872"/>
  <testcase classname="automation.FormsTest" name="verifyForms" time="1.897"/>
</testsuite> <!-- Test Forms -->
