<?xml version="1.0" encoding="UTF-8"?>
<!-- Generated by org.testng.reporters.JUnitXMLReporter -->
<testsuite ignored="0" hostname="sachin" failures="0" tests="3" name="Test1" time="38.804" errors="0" timestamp="2023-05-28T19:25:05 IST">
  <testcase classname="automation.FormsTest" name="verifyForms" time="16.315"/>
  <testcase classname="automation.FormsTest" name="verifyForms" time="15.557"/>
  <testcase classname="automation.FormsTest" name="verifyForms" time="6.917"/>
</testsuite> <!-- Test1 -->
