<?xml version="1.0" encoding="UTF-8"?>
<!-- Generated by org.testng.reporters.JUnitXMLReporter -->
<testsuite ignored="0" hostname="sachin" failures="0" tests="8" name="Test Elements" time="33.172" errors="0" timestamp="2023-05-30T21:09:18 IST">
  <testcase classname="automation.ElementsTest" name="verifyButtons" time="0.646"/>
  <testcase classname="automation.ElementsTest" name="verifyCheckBox" time="1.912"/>
  <testcase classname="automation.ElementsTest" name="verifyDynamicProperty" time="5.84"/>
  <testcase classname="automation.ElementsTest" name="verifyLinks" time="6.245"/>
  <testcase classname="automation.ElementsTest" name="verifyRadioButton" time="1.08"/>
  <testcase classname="automation.ElementsTest" name="verifyTextBox" time="1.172"/>
  <testcase classname="automation.ElementsTest" name="verifyUploadnDownload" time="8.104"/>
  <testcase classname="automation.ElementsTest" name="verifyWebTables" time="2.403"/>
</testsuite> <!-- Test Elements -->
