<?xml version="1.0" encoding="UTF-8"?>
<!-- Generated by org.testng.reporters.JUnitXMLReporter -->
<testsuite ignored="0" hostname="sachin" failures="0" tests="8" name="Test" time="35.947" errors="0" timestamp="2023-05-30T20:12:23 IST">
  <testcase classname="automation.ElementsTest" name="verifyButtons" time="0.625"/>
  <testcase classname="automation.ElementsTest" name="verifyCheckBox" time="2.218"/>
  <testcase classname="automation.ElementsTest" name="verifyDynamicProperty" time="5.842"/>
  <testcase classname="automation.ElementsTest" name="verifyLinks" time="6.267"/>
  <testcase classname="automation.ElementsTest" name="verifyRadioButton" time="1.102"/>
  <testcase classname="automation.ElementsTest" name="verifyTextBox" time="1.198"/>
  <testcase classname="automation.ElementsTest" name="verifyUploadnDownload" time="8.138"/>
  <testcase classname="automation.ElementsTest" name="verifyWebTables" time="2.636"/>
</testsuite> <!-- Test -->
