<?xml version="1.0" encoding="UTF-8"?>
<!-- Generated by org.testng.reporters.JUnitXMLReporter -->
<testsuite ignored="0" hostname="sachin" failures="0" tests="3" name="Test1" time="20.472" errors="0" timestamp="2023-05-30T20:12:44 IST">
  <testcase classname="automation.FormsTest" name="verifyForms" time="1.833"/>
  <testcase classname="automation.FormsTest" name="verifyForms" time="2.089"/>
  <testcase classname="automation.FormsTest" name="verifyForms" time="1.816"/>
</testsuite> <!-- Test1 -->
