<?xml version="1.0" encoding="UTF-8"?>
<!-- Generated by org.testng.reporters.JUnitXMLReporter -->
<testsuite ignored="0" hostname="sachin" failures="0" tests="8" name="Test" time="30.062" errors="0" timestamp="2023-05-26T16:08:43 IST">
  <testcase classname="automation.ElementsTest" name="verifyButtons" time="2.138"/>
  <testcase classname="automation.ElementsTest" name="verifyCheckBox" time="2.66"/>
  <testcase classname="automation.ElementsTest" name="verifyDynamicProperty" time="0.352"/>
  <testcase classname="automation.ElementsTest" name="verifyLinks" time="6.073"/>
  <testcase classname="automation.ElementsTest" name="verifyRadioButton" time="1.016"/>
  <testcase classname="automation.ElementsTest" name="verifyTextBox" time="0.948"/>
  <testcase classname="automation.ElementsTest" name="verifyUploadnDownload" time="8.086"/>
  <testcase classname="automation.ElementsTest" name="verifyWebTables" time="2.056"/>
</testsuite> <!-- Test -->
