<?xml version="1.0" encoding="UTF-8"?>
<testsuite xmlns:xsi="http://www.w3.org/2001/XMLSchema-instance" xsi:noNamespaceSchemaLocation="https://maven.apache.org/surefire/maven-surefire-plugin/xsd/surefire-test-report-3.0.xsd" version="3.0" name="automation.ElementsTest" time="26.874" tests="8" errors="0" skipped="0" failures="0">
  <properties>
[...]
</properties>
  <testcase name="verifyButtons" classname="automation.ElementsTest" time="0.581">
    <system-err><![CDATA[SLF4J: Failed to load class "org.slf4j.impl.StaticLoggerBinder".
SLF4J: Defaulting to no-operation (NOP) logger implementation
SLF4J: See http://www.slf4j.org/codes.html#StaticLoggerBinder for further details.
Starting ChromeDriver 113.0.5672.63 (0e1a4471d5ae5bf128b1bd8f4d627c8cbd55f70c-refs/branch-heads/5672@{#912}) on port 15618
Only local connections are allowed.
Please see https://chromedriver.chromium.org/security-considerations for suggestions on keeping ChromeDriver safe.
ChromeDriver was started successfully.
May 26, 2023 4:06:02 PM org.openqa.selenium.devtools.CdpVersionFinder findNearestMatch
WARNING: Unable to find an exact match for CDP version 113, so returning the closest version found: 112
]]></system-err>
  </testcase>
  <testcase name="verifyCheckBox" classname="automation.ElementsTest" time="1.713">
    <system-out><![CDATA[You have selected :
home
desktop
notes
commands
documents
workspace
react
angular
veu
office
public
private
classified
general
downloads
wordFile
excelFile
]]></system-out>
  </testcase>
  <testcase name="verifyDynamicProperty" classname="automation.ElementsTest" time="0.322"/>
  <testcase name="verifyLinks" classname="automation.ElementsTest" time="6.121">
    <system-out><![CDATA[DEMOQA
]]></system-out>
  </testcase>
  <testcase name="verifyRadioButton" classname="automation.ElementsTest" time="0.989"/>
  <testcase name="verifyTextBox" classname="automation.ElementsTest" time="0.944"/>
  <testcase name="verifyUploadnDownload" classname="automation.ElementsTest" time="8.082">
    <system-out><![CDATA[Downloaded file found
Downloaded file deleted
file uploaded successfully
]]></system-out>
  </testcase>
  <testcase name="verifyWebTables" classname="automation.ElementsTest" time="2.037"/>
</testsuite>