<?xml version="1.0" encoding="UTF-8"?>
<testng-results ignored="0" total="4" passed="4" failed="0" skipped="0">
  <reporter-output>
  </reporter-output>
  <suite started-at="2023-05-23T21:45:57 IST" name="Surefire suite" finished-at="2023-05-23T21:46:14 IST" duration-ms="16819">
    <groups>
    </groups>
    <test started-at="2023-05-23T21:45:57 IST" name="Surefire test" finished-at="2023-05-23T21:46:14 IST" duration-ms="16819">
      <class name="automation.ElementsTest">
        <test-method is-config="true" signature="openBrowser()[pri:0, instance:automation.ElementsTest@1df82230]" started-at="2023-05-23T21:45:57 IST" name="openBrowser" finished-at="2023-05-23T21:46:03 IST" duration-ms="5956" status="PASS">
          <reporter-output>
          </reporter-output>
        </test-method> <!-- openBrowser -->
        <test-method signature="verifyTextBox()[pri:0, instance:automation.ElementsTest@1df82230]" started-at="2023-05-23T21:46:03 IST" name="verifyTextBox" finished-at="2023-05-23T21:46:04 IST" duration-ms="650" status="PASS">
          <reporter-output>
          </reporter-output>
        </test-method> <!-- verifyTextBox -->
        <test-method signature="verifyCheckBox()[pri:0, instance:automation.ElementsTest@1df82230]" started-at="2023-05-23T21:46:04 IST" name="verifyCheckBox" finished-at="2023-05-23T21:46:06 IST" depends-on-methods="automation.ElementsTest.verifyTextBox" duration-ms="2174" status="PASS">
          <reporter-output>
          </reporter-output>
        </test-method> <!-- verifyCheckBox -->
        <test-method signature="verifyRadioButton()[pri:0, instance:automation.ElementsTest@1df82230]" started-at="2023-05-23T21:46:06 IST" name="verifyRadioButton" finished-at="2023-05-23T21:46:07 IST" depends-on-methods="automation.ElementsTest.verifyCheckBox" duration-ms="544" status="PASS">
          <reporter-output>
          </reporter-output>
        </test-method> <!-- verifyRadioButton -->
        <test-method signature="verifyWebTables()[pri:0, instance:automation.ElementsTest@1df82230]" started-at="2023-05-23T21:46:07 IST" name="verifyWebTables" finished-at="2023-05-23T21:46:14 IST" depends-on-methods="automation.ElementsTest.verifyRadioButton" duration-ms="7259" status="PASS">
          <reporter-output>
          </reporter-output>
        </test-method> <!-- verifyWebTables -->
        <test-method is-config="true" signature="closeBrowser()[pri:0, instance:automation.ElementsTest@1df82230]" started-at="2023-05-23T21:46:14 IST" name="closeBrowser" finished-at="2023-05-23T21:46:14 IST" duration-ms="187" status="PASS">
          <reporter-output>
          </reporter-output>
        </test-method> <!-- closeBrowser -->
      </class> <!-- automation.ElementsTest -->
    </test> <!-- Surefire test -->
  </suite> <!-- Surefire suite -->
</testng-results>
