<?xml version="1.0" encoding="UTF-8"?>
<testng-results ignored="0" total="6" passed="6" failed="0" skipped="0">
  <reporter-output>
  </reporter-output>
  <suite started-at="2023-05-24T16:54:01 IST" name="Default suite" finished-at="2023-05-24T16:54:25 IST" duration-ms="24444">
    <groups>
    </groups>
    <test started-at="2023-05-24T16:54:01 IST" name="Default test" finished-at="2023-05-24T16:54:25 IST" duration-ms="24444">
      <class name="automation.ElementsTest">
        <test-method is-config="true" signature="openBrowser()[pri:0, instance:automation.ElementsTest@49139829]" started-at="2023-05-24T16:54:01 IST" name="openBrowser" finished-at="2023-05-24T16:54:10 IST" duration-ms="9505" status="PASS">
          <reporter-output>
          </reporter-output>
        </test-method> <!-- openBrowser -->
        <test-method signature="verifyButtons()[pri:0, instance:automation.ElementsTest@49139829]" started-at="2023-05-24T16:54:10 IST" name="verifyButtons" finished-at="2023-05-24T16:54:11 IST" duration-ms="917" status="PASS">
          <reporter-output>
          </reporter-output>
        </test-method> <!-- verifyButtons -->
        <test-method signature="verifyCheckBox()[pri:0, instance:automation.ElementsTest@49139829]" started-at="2023-05-24T16:54:11 IST" name="verifyCheckBox" finished-at="2023-05-24T16:54:14 IST" duration-ms="2557" status="PASS">
          <reporter-output>
          </reporter-output>
        </test-method> <!-- verifyCheckBox -->
        <test-method signature="verifyLinks()[pri:0, instance:automation.ElementsTest@49139829]" started-at="2023-05-24T16:54:14 IST" name="verifyLinks" finished-at="2023-05-24T16:54:22 IST" duration-ms="8082" status="PASS">
          <reporter-output>
          </reporter-output>
        </test-method> <!-- verifyLinks -->
        <test-method signature="verifyRadioButton()[pri:0, instance:automation.ElementsTest@49139829]" started-at="2023-05-24T16:54:22 IST" name="verifyRadioButton" finished-at="2023-05-24T16:54:22 IST" duration-ms="621" status="PASS">
          <reporter-output>
          </reporter-output>
        </test-method> <!-- verifyRadioButton -->
        <test-method signature="verifyTextBox()[pri:0, instance:automation.ElementsTest@49139829]" started-at="2023-05-24T16:54:22 IST" name="verifyTextBox" finished-at="2023-05-24T16:54:23 IST" duration-ms="727" status="PASS">
          <reporter-output>
          </reporter-output>
        </test-method> <!-- verifyTextBox -->
        <test-method signature="verifyWebTables()[pri:0, instance:automation.ElementsTest@49139829]" started-at="2023-05-24T16:54:23 IST" name="verifyWebTables" finished-at="2023-05-24T16:54:25 IST" duration-ms="1819" status="PASS">
          <reporter-output>
          </reporter-output>
        </test-method> <!-- verifyWebTables -->
        <test-method is-config="true" signature="closeBrowser()[pri:0, instance:automation.ElementsTest@49139829]" started-at="2023-05-24T16:54:25 IST" name="closeBrowser" finished-at="2023-05-24T16:54:25 IST" duration-ms="142" status="PASS">
          <reporter-output>
          </reporter-output>
        </test-method> <!-- closeBrowser -->
      </class> <!-- automation.ElementsTest -->
    </test> <!-- Default test -->
  </suite> <!-- Default suite -->
</testng-results>
