<?xml version="1.0" encoding="UTF-8"?>
<testng-results ignored="1" total="2" passed="1" failed="0" skipped="0">
  <reporter-output>
  </reporter-output>
  <suite started-at="2023-05-30T21:33:47 IST" name="Default suite" finished-at="2023-05-30T21:33:59 IST" duration-ms="11715">
    <groups>
    </groups>
    <test started-at="2023-05-30T21:33:47 IST" name="Default test" finished-at="2023-05-30T21:33:59 IST" duration-ms="11715">
      <class name="automation.AlertFrameAndWindowTest">
        <test-method is-config="true" signature="initialize()[pri:0, instance:automation.AlertFrameAndWindowTest@49e53c76]" started-at="2023-05-30T21:33:47 IST" name="initialize" finished-at="2023-05-30T21:33:53 IST" duration-ms="5817" status="PASS">
          <reporter-output>
          </reporter-output>
        </test-method> <!-- initialize -->
        <test-method signature="verifyAlerts()[pri:0, instance:automation.AlertFrameAndWindowTest@49e53c76]" started-at="2023-05-30T21:33:53 IST" name="verifyAlerts" finished-at="2023-05-30T21:33:59 IST" duration-ms="5624" status="PASS">
          <reporter-output>
          </reporter-output>
        </test-method> <!-- verifyAlerts -->
        <test-method is-config="true" signature="closeBrowser()[pri:0, instance:automation.AlertFrameAndWindowTest@49e53c76]" started-at="2023-05-30T21:33:59 IST" name="closeBrowser" finished-at="2023-05-30T21:33:59 IST" duration-ms="238" status="PASS">
          <reporter-output>
          </reporter-output>
        </test-method> <!-- closeBrowser -->
      </class> <!-- automation.AlertFrameAndWindowTest -->
    </test> <!-- Default test -->
  </suite> <!-- Default suite -->
</testng-results>
